[35m[Appium][39m Welcome to Appium v1.22.3
[35m[Appium][39m Non-default server args:
[35m[Appium][39m   port: 55761
[35m[Appium][39m   loglevel: info
[35m[Appium][39m   tmpDir: /var/folders/h4/9b9gvp1527g9mgy_f32lcfzh0000gn/T//Katalon/Appium/Temp1687357096867
[35m[Appium][39m   chromedriverPort: 55762
[35m[Appium][39m Deprecated server args:
[35m[Appium][39m   [31m--chromedriver-port[39m => --default-capabilities
[35m[Appium][39m Default capabilities, which will be added to each request unless overridden by desired capabilities:
[35m[Appium][39m   chromedriverPort: 55762
[35m[Appium][39m Appium REST http interface listener started on 0.0.0.0:55761
[35m[HTTP][39m [37m-->[39m [37mGET[39m [37m/wd/hub/status[39m
[35m[HTTP][39m [90m{}[39m
[35m[HTTP][39m [37m<-- GET /wd/hub/status [39m[32m200[39m [90m14 ms - 68[39m
[35m[HTTP][39m [90m[39m
[35m[HTTP][39m [37m-->[39m [37mGET[39m [37m/wd/hub/status[39m
[35m[HTTP][39m [90m{}[39m
[35m[HTTP][39m [37m<-- GET /wd/hub/status [39m[32m200[39m [90m9 ms - 68[39m
[35m[HTTP][39m [90m[39m
[35m[HTTP][39m [37m-->[39m [37mPOST[39m [37m/wd/hub/session[39m
[35m[HTTP][39m [90m{"desiredCapabilities":{"appActivity":".Settings","appPackage":"com.android.settings","newCommandTimeout":1800,"platformVersion":"13","automationName":"uiautomator2","autoGrantPermissions":true,"platformName":"Android","udid":"RRCR700EWZJ","deviceName":"samsung SM-G991B (Android 13)","platform":"ANDROID","systemPort":8204},"capabilities":{"firstMatch":[{"appium:appActivity":".Settings","appium:appPackage":"com.android.settings","appium:autoGrantPermissions":true,"appium:automationName":"uiautomator2","appium:deviceName":"samsung SM-G991B (Android 13)","appium:newCommandTimeout":1800,"platform":"ANDROID","platformName":"android","appium:platformVersion":"13","appium:systemPort":8204,"appium:udid":"RRCR700EWZJ"}]}}[39m
[35m[BaseDriver][39m The following capabilities are not standard capabilities and should have an extension prefix:
[35m[BaseDriver][39m   platform
[35m[BaseDriver][39m   chromedriverPort
[35m[Appium][39m Appium v1.22.3 creating new AndroidUiautomator2Driver (v1.70.1) session
[35m[BaseDriver][39m The following capabilities were provided, but are not recognized by Appium:
[35m[BaseDriver][39m   platform
[35m[BaseDriver][39m Session created with session id: 56f698f9-e053-4b87-a89f-ca0538e05412
[35m[UiAutomator2][39m Starting 'com.android.settings' directly on the device
[35m[ADB][39m Found 1 'build-tools' folders under '/Users/imamsaputra/.katalon/tools/android_sdk' (newest first):
[35m[ADB][39m     /Users/imamsaputra/.katalon/tools/android_sdk/build-tools/29.0.3
[35m[ADB][39m Using 'adb' from '/Users/imamsaputra/.katalon/tools/android_sdk/platform-tools/adb'
[35m[AndroidDriver][39m Retrieving device list
[35m[AndroidDriver][39m Using device: RRCR700EWZJ
[35m[ADB][39m Using 'adb' from '/Users/imamsaputra/.katalon/tools/android_sdk/platform-tools/adb'
[35m[ADB][39m Getting device platform version
[35m[UiAutomator2][39m Relaxing hidden api policy
[35m[AndroidDriver][39m No app sent in, not parsing package/activity
[35m[UiAutomator2][39m Server package at '/usr/local/lib/node_modules/appium/node_modules/appium-uiautomator2-server/apks/appium-uiautomator2-server-v4.27.0.apk' is not writeable. Will copy it into the temporary location at '/var/folders/h4/9b9gvp1527g9mgy_f32lcfzh0000gn/T/Katalon/Appium/Temp1687357096867/2023521-1699-nfv7du.jdar9' as a workaround. Consider making this file writeable manually in order to improve the performance of session startup.
[35m[UiAutomator2][39m Server package at '/usr/local/lib/node_modules/appium/node_modules/appium-uiautomator2-server/apks/appium-uiautomator2-server-debug-androidTest.apk' is not writeable. Will copy it into the temporary location at '/var/folders/h4/9b9gvp1527g9mgy_f32lcfzh0000gn/T/Katalon/Appium/Temp1687357096867/2023521-1699-nfv7du.jdar9' as a workaround. Consider making this file writeable manually in order to improve the performance of session startup.
[35m[ADB][39m Using 'apksigner.jar' from '/Users/imamsaputra/.katalon/tools/android_sdk/build-tools/29.0.3/lib/apksigner.jar'
[35m[ADB][39m '/var/folders/h4/9b9gvp1527g9mgy_f32lcfzh0000gn/T/Katalon/Appium/Temp1687357096867/2023521-1699-nfv7du.jdar9/appium-uiautomator2-server-v4.27.0.apk' is signed with the default certificate
[35m[ADB][39m '/var/folders/h4/9b9gvp1527g9mgy_f32lcfzh0000gn/T/Katalon/Appium/Temp1687357096867/2023521-1699-nfv7du.jdar9/appium-uiautomator2-server-debug-androidTest.apk' is signed with the default certificate
[35m[UiAutomator2][39m Server packages are not going to be (re)installed
[35m[ADB][39m Adding packages ["io.appium.settings","io.appium.uiautomator2.server","io.appium.uiautomator2.server.test"] to Doze whitelist
[35m[ADB][39m com.android.settings contains no permissions available for granting
[35m[UiAutomator2][39m Starting UIAutomator2 server 4.27.0
[35m[UiAutomator2][39m Using UIAutomator2 server from '/usr/local/lib/node_modules/appium/node_modules/appium-uiautomator2-server/apks/appium-uiautomator2-server-v4.27.0.apk' and test from '/usr/local/lib/node_modules/appium/node_modules/appium-uiautomator2-server/apks/appium-uiautomator2-server-debug-androidTest.apk'
[35m[UiAutomator2][39m Waiting up to 30000ms for UiAutomator2 to be online...
[35m[WD Proxy][39m socket hang up
[35m[WD Proxy][39m socket hang up
[35m[WD Proxy][39m Determined the downstream protocol as 'W3C'
[35m[AndroidDriver][39m Screen already unlocked, doing nothing
[35m[UiAutomator2][39m Starting 'com.android.settings/.Settings and waiting for 'com.android.settings/.Settings'
[35m[Appium][39m New AndroidUiautomator2Driver session created successfully, session 56f698f9-e053-4b87-a89f-ca0538e05412 added to master session list
[35m[HTTP][39m [37m<-- POST /wd/hub/session [39m[32m200[39m [90m8300 ms - 1154[39m
[35m[HTTP][39m [90m[39m
[35m[HTTP][39m [37m-->[39m [37mGET[39m [37m/wd/hub/session/56f698f9-e053-4b87-a89f-ca0538e05412[39m
[35m[HTTP][39m [90m{}[39m
[35m[HTTP][39m [37m<-- GET /wd/hub/session/56f698f9-e053-4b87-a89f-ca0538e05412 [39m[32m200[39m [90m8 ms - 1108[39m
[35m[HTTP][39m [90m[39m
[35m[HTTP][39m [37m-->[39m [37mGET[39m [37m/wd/hub/session/56f698f9-e053-4b87-a89f-ca0538e05412[39m
[35m[HTTP][39m [90m{}[39m
[35m[HTTP][39m [37m<-- GET /wd/hub/session/56f698f9-e053-4b87-a89f-ca0538e05412 [39m[32m200[39m [90m13 ms - 1108[39m
[35m[HTTP][39m [90m[39m
[35m[HTTP][39m [37m-->[39m [37mGET[39m [37m/wd/hub/status[39m
[35m[HTTP][39m [90m{}[39m
[35m[HTTP][39m [37m<-- GET /wd/hub/status [39m[32m200[39m [90m1 ms - 68[39m
[35m[HTTP][39m [90m[39m
[35m[HTTP][39m [37m-->[39m [37mPOST[39m [37m/wd/hub/session/56f698f9-e053-4b87-a89f-ca0538e05412/timeouts[39m
[35m[HTTP][39m [90m{"implicit":60000}[39m
[35m[HTTP][39m [37m<-- POST /wd/hub/session/56f698f9-e053-4b87-a89f-ca0538e05412/timeouts [39m[32m200[39m [90m2 ms - 14[39m
[35m[HTTP][39m [90m[39m
[35m[HTTP][39m [37m-->[39m [37mGET[39m [37m/wd/hub/session/56f698f9-e053-4b87-a89f-ca0538e05412/screenshot[39m
[35m[HTTP][39m [90m{}[39m
[35m[HTTP][39m [37m<-- GET /wd/hub/session/56f698f9-e053-4b87-a89f-ca0538e05412/screenshot [39m[32m200[39m [90m260 ms - 188530[39m
[35m[HTTP][39m [90m[39m
[35m[HTTP][39m [37m-->[39m [37mGET[39m [37m/wd/hub/session/56f698f9-e053-4b87-a89f-ca0538e05412/window/rect[39m
[35m[HTTP][39m [90m{}[39m
[35m[HTTP][39m [37m<-- GET /wd/hub/session/56f698f9-e053-4b87-a89f-ca0538e05412/window/rect [39m[32m200[39m [90m19 ms - 50[39m
[35m[HTTP][39m [90m[39m
[35m[HTTP][39m [37m-->[39m [37mGET[39m [37m/wd/hub/session/56f698f9-e053-4b87-a89f-ca0538e05412/appium/device/system_bars[39m
[35m[HTTP][39m [90m{}[39m
[35m[HTTP][39m [37m<-- GET /wd/hub/session/56f698f9-e053-4b87-a89f-ca0538e05412/appium/device/system_bars [39m[32m200[39m [90m65 ms - 145[39m
[35m[HTTP][39m [90m[39m
[35m[HTTP][39m [37m-->[39m [37mPOST[39m [37m/wd/hub/session/56f698f9-e053-4b87-a89f-ca0538e05412/appium/device/activate_app[39m
[35m[HTTP][39m [90m{"bundleId":"com.brilife.myacces"}[39m
[35m[HTTP][39m [37m<-- POST /wd/hub/session/56f698f9-e053-4b87-a89f-ca0538e05412/appium/device/activate_app [39m[32m200[39m [90m297 ms - 14[39m
[35m[HTTP][39m [90m[39m
[35m[HTTP][39m [37m-->[39m [37mGET[39m [37m/wd/hub/session/56f698f9-e053-4b87-a89f-ca0538e05412/source[39m
[35m[HTTP][39m [90m{}[39m
[35m[W3C (56f698f9)][39m Driver proxy active, passing request on via HTTP proxy
[35m[WD Proxy][39m Replacing sessionId 32dcbd5f-60ea-445b-b4ce-8a5aa64dc4e3 with 56f698f9-e053-4b87-a89f-ca0538e05412
[35m[HTTP][39m [37m<-- GET /wd/hub/session/56f698f9-e053-4b87-a89f-ca0538e05412/source [39m[32m200[39m [90m928 ms - 17325[39m
[35m[HTTP][39m [90m[39m
[35m[HTTP][39m [37m-->[39m [37mGET[39m [37m/wd/hub/session/56f698f9-e053-4b87-a89f-ca0538e05412/screenshot[39m
[35m[HTTP][39m [90m{}[39m
[35m[HTTP][39m [37m<-- GET /wd/hub/session/56f698f9-e053-4b87-a89f-ca0538e05412/screenshot [39m[32m200[39m [90m475 ms - 1040454[39m
[35m[HTTP][39m [90m[39m
[35m[HTTP][39m [37m-->[39m [37mPOST[39m [37m/wd/hub/session/56f698f9-e053-4b87-a89f-ca0538e05412/elements[39m
[35m[HTTP][39m [90m{"using":"xpath","value":"//*[@class = 'android.widget.ImageView' and (@text = '' or . = '')]"}[39m
[35m[HTTP][39m [37m<-- POST /wd/hub/session/56f698f9-e053-4b87-a89f-ca0538e05412/elements [39m[32m200[39m [90m222 ms - 523[39m
[35m[HTTP][39m [90m[39m
[35m[HTTP][39m [37m-->[39m [37mPOST[39m [37m/wd/hub/session/56f698f9-e053-4b87-a89f-ca0538e05412/elements[39m
[35m[HTTP][39m [90m{"using":"-android uiautomator","value":"new UiSelector().className(\"android.widget.ImageView\")"}[39m
[35m[HTTP][39m [37m<-- POST /wd/hub/session/56f698f9-e053-4b87-a89f-ca0538e05412/elements [39m[32m200[39m [90m54 ms - 523[39m
[35m[HTTP][39m [90m[39m
[35m[HTTP][39m [37m-->[39m [37mPOST[39m [37m/wd/hub/session/56f698f9-e053-4b87-a89f-ca0538e05412/timeouts[39m
[35m[HTTP][39m [90m{"implicit":1000}[39m
[35m[HTTP][39m [37m<-- POST /wd/hub/session/56f698f9-e053-4b87-a89f-ca0538e05412/timeouts [39m[32m200[39m [90m2 ms - 14[39m
[35m[HTTP][39m [90m[39m
[35m[HTTP][39m [37m-->[39m [37mPOST[39m [37m/wd/hub/session/56f698f9-e053-4b87-a89f-ca0538e05412/elements[39m
[35m[HTTP][39m [90m{"using":"xpath","value":"//hierarchy/android.widget.FrameLayout[1]/android.widget.LinearLayout[1]/android.widget.FrameLayout[1]/android.widget.LinearLayout[1]/android.widget.FrameLayout[1]/android.widget.FrameLayout[1]/android.view.ViewGroup[1]/android.view.ViewGroup[1]/android.view.ViewGroup[1]/android.widget.FrameLayout[1]/android.view.ViewGroup[1]/android.view.ViewGroup[1]/android.view.ViewGroup[1]/android.view.ViewGroup[1]/android.view.ViewGroup[1]/android.widget.FrameLayout[2]/android.view.ViewGroup[1]/android.view.ViewGroup[1]/android.view.ViewGroup[1]/android.view.ViewGroup[1]/android.widget.ImageView[1]"}[39m
[35m[HTTP][39m [37m<-- POST /wd/hub/session/56f698f9-e053-4b87-a89f-ca0538e05412/elements [39m[32m200[39m [90m102 ms - 139[39m
[35m[HTTP][39m [90m[39m
[35m[HTTP][39m [37m-->[39m [37mGET[39m [37m/wd/hub/session/56f698f9-e053-4b87-a89f-ca0538e05412/element/00000000-0000-0063-ffff-ffff00000090/location[39m
[35m[HTTP][39m [90m{}[39m
[35m[W3C (56f698f9)][39m Driver proxy active, passing request on via HTTP proxy
[35m[WD Proxy][39m Replacing sessionId 32dcbd5f-60ea-445b-b4ce-8a5aa64dc4e3 with 56f698f9-e053-4b87-a89f-ca0538e05412
[35m[HTTP][39m [37m<-- GET /wd/hub/session/56f698f9-e053-4b87-a89f-ca0538e05412/element/00000000-0000-0063-ffff-ffff00000090/location [39m[32m200[39m [90m44 ms - 77[39m
[35m[HTTP][39m [90m[39m
[35m[HTTP][39m [37m-->[39m [37mGET[39m [37m/wd/hub/session/56f698f9-e053-4b87-a89f-ca0538e05412/element/00000000-0000-0063-ffff-ffff00000090/size[39m
[35m[HTTP][39m [90m{}[39m
[35m[W3C (56f698f9)][39m Driver proxy active, passing request on via HTTP proxy
[35m[WD Proxy][39m Replacing sessionId 32dcbd5f-60ea-445b-b4ce-8a5aa64dc4e3 with 56f698f9-e053-4b87-a89f-ca0538e05412
[35m[HTTP][39m [37m<-- GET /wd/hub/session/56f698f9-e053-4b87-a89f-ca0538e05412/element/00000000-0000-0063-ffff-ffff00000090/size [39m[32m200[39m [90m28 ms - 85[39m
[35m[HTTP][39m [90m[39m
[35m[HTTP][39m [37m-->[39m [37mGET[39m [37m/wd/hub/session/56f698f9-e053-4b87-a89f-ca0538e05412/source[39m
[35m[HTTP][39m [90m{}[39m
[35m[W3C (56f698f9)][39m Driver proxy active, passing request on via HTTP proxy
[35m[WD Proxy][39m Replacing sessionId 32dcbd5f-60ea-445b-b4ce-8a5aa64dc4e3 with 56f698f9-e053-4b87-a89f-ca0538e05412
[35m[HTTP][39m [37m<-- GET /wd/hub/session/56f698f9-e053-4b87-a89f-ca0538e05412/source [39m[32m200[39m [90m71 ms - 22295[39m
[35m[HTTP][39m [90m[39m
[35m[HTTP][39m [37m-->[39m [37mGET[39m [37m/wd/hub/session/56f698f9-e053-4b87-a89f-ca0538e05412/screenshot[39m
[35m[HTTP][39m [90m{}[39m
[35m[HTTP][39m [37m<-- GET /wd/hub/session/56f698f9-e053-4b87-a89f-ca0538e05412/screenshot [39m[32m200[39m [90m303 ms - 175246[39m
[35m[HTTP][39m [90m[39m
[35m[HTTP][39m [37m-->[39m [37mGET[39m [37m/wd/hub/session/56f698f9-e053-4b87-a89f-ca0538e05412/source[39m
[35m[HTTP][39m [90m{}[39m
[35m[W3C (56f698f9)][39m Driver proxy active, passing request on via HTTP proxy
[35m[WD Proxy][39m Replacing sessionId 32dcbd5f-60ea-445b-b4ce-8a5aa64dc4e3 with 56f698f9-e053-4b87-a89f-ca0538e05412
[35m[HTTP][39m [37m<-- GET /wd/hub/session/56f698f9-e053-4b87-a89f-ca0538e05412/source [39m[32m200[39m [90m105 ms - 22295[39m
[35m[HTTP][39m [90m[39m
[35m[HTTP][39m [37m-->[39m [37mGET[39m [37m/wd/hub/session/56f698f9-e053-4b87-a89f-ca0538e05412/screenshot[39m
[35m[HTTP][39m [90m{}[39m
[35m[HTTP][39m [37m<-- GET /wd/hub/session/56f698f9-e053-4b87-a89f-ca0538e05412/screenshot [39m[32m200[39m [90m305 ms - 175312[39m
[35m[HTTP][39m [90m[39m
[35m[HTTP][39m [37m-->[39m [37mPOST[39m [37m/wd/hub/session/56f698f9-e053-4b87-a89f-ca0538e05412/elements[39m
[35m[HTTP][39m [90m{"using":"xpath","value":"//*[@class = 'android.widget.ImageView' and (@text = '' or . = '')]"}[39m
[35m[HTTP][39m [37m<-- POST /wd/hub/session/56f698f9-e053-4b87-a89f-ca0538e05412/elements [39m[32m200[39m [90m104 ms - 907[39m
[35m[HTTP][39m [90m[39m
[35m[HTTP][39m [37m-->[39m [37mPOST[39m [37m/wd/hub/session/56f698f9-e053-4b87-a89f-ca0538e05412/elements[39m
[35m[HTTP][39m [90m{"using":"-android uiautomator","value":"new UiSelector().className(\"android.widget.ImageView\")"}[39m
[35m[HTTP][39m [37m<-- POST /wd/hub/session/56f698f9-e053-4b87-a89f-ca0538e05412/elements [39m[32m200[39m [90m104 ms - 907[39m
[35m[HTTP][39m [90m[39m
[35m[HTTP][39m [37m-->[39m [37mDELETE[39m [37m/wd/hub/session/56f698f9-e053-4b87-a89f-ca0538e05412[39m
[35m[HTTP][39m [90m{}[39m
[35m[Appium][39m Removing session 56f698f9-e053-4b87-a89f-ca0538e05412 from our master session list
[35m[UiAutomator2][39m Restoring hidden api policy to the device default configuration
[35m[HTTP][39m [37m<-- DELETE /wd/hub/session/56f698f9-e053-4b87-a89f-ca0538e05412 [39m[32m200[39m [90m439 ms - 14[39m
[35m[HTTP][39m [90m[39m
